<?xml version="1.0" encoding="UTF-8"?>
<testsuite name="com.falabella.Runners.AgregarProductosBolsaRunner" tests="0" skipped="0" failures="0" errors="0" timestamp="1970-01-01T00:00:00" hostname="DESKTOP-4DRDE1B" time="0.0">
  <properties/>
  <system-out><![CDATA[00:02:33.586 [Test worker] DEBUG net.thucydides.core.util.PropertiesFileLocalPreferences - LOADING LOCAL PROPERTIES FROM C:\Users\Molina\Desktop\New folder\selenium-webdriver-java-course-c1\FelipeMolinaScreenPlay\serenity.properties 
00:02:33.941 [Test worker] DEBUG net.thucydides.core.util.PropertiesFileLocalPreferences - LOADING LOCAL PROPERTIES FROM C:\Users\Molina\Desktop\New folder\selenium-webdriver-java-course-c1\FelipeMolinaScreenPlay\serenity.properties 
00:02:33.943 [Test worker] DEBUG net.thucydides.core.util.PropertiesFileLocalPreferences - LOADING LOCAL PROPERTIES FROM C:\Users\Molina\Desktop\New folder\selenium-webdriver-java-course-c1\FelipeMolinaScreenPlay\serenity.properties 
00:02:33.960 [Test worker] DEBUG net.thucydides.core.util.PropertiesFileLocalPreferences - webdriver.driver=chrome
00:02:33.961 [Test worker] DEBUG net.thucydides.core.util.PropertiesFileLocalPreferences - webdriver.chrome.driver=resources/chromedriver.exe
00:02:33.962 [Test worker] DEBUG net.thucydides.core.util.PropertiesFileLocalPreferences - chrome.switches=--disable-popup-blocking, --disable-download-notification,--start-maximized,--ignore-certificate-errors, --allow-running-insecure-content, --disable-translate, --always-authorize-plugins, --disable-extensions,
00:02:33.962 [Test worker] DEBUG net.thucydides.core.util.PropertiesFileLocalPreferences - serenity.take.screenshots=FOR_EACH_ACTION
00:02:33.963 [Test worker] DEBUG net.thucydides.core.util.PropertiesFileLocalPreferences - serenity.timeouts=10000
00:02:33.964 [Test worker] DEBUG net.thucydides.core.util.PropertiesFileLocalPreferences - webdriver.timeouts.implicitlywait=10000
00:02:33.964 [Test worker] DEBUG net.thucydides.core.util.PropertiesFileLocalPreferences - chrome.capabilities.unexpectedAlertBehaviour=ignore
00:02:34.553 [Test worker] INFO io.cucumber.core.plugin.SerenityReporter - Running feature from file:///C:/Users/Molina/Desktop/New%20folder/selenium-webdriver-java-course-c1/FelipeMolinaScreenPlay/src/test/resources/features/agregarProductosBolsa.feature
00:02:34.898 [Test worker] DEBUG net.thucydides.core.util.PropertiesFileLocalPreferences - LOADING LOCAL PROPERTIES FROM C:\Users\Molina\Desktop\New folder\selenium-webdriver-java-course-c1\FelipeMolinaScreenPlay\serenity.properties 
00:02:35.067 [Test worker] DEBUG net.thucydides.core.util.PropertiesFileLocalPreferences - LOADING LOCAL PROPERTIES FROM C:\Users\Molina\Desktop\New folder\selenium-webdriver-java-course-c1\FelipeMolinaScreenPlay\serenity.properties 
00:02:35.069 [Test worker] DEBUG net.thucydides.core.util.PropertiesFileLocalPreferences - LOADING LOCAL PROPERTIES FROM C:\Users\Molina\Desktop\New folder\selenium-webdriver-java-course-c1\FelipeMolinaScreenPlay\serenity.properties 
00:02:35.071 [Test worker] DEBUG net.thucydides.core.util.PropertiesFileLocalPreferences - webdriver.driver=chrome
00:02:35.071 [Test worker] DEBUG net.thucydides.core.util.PropertiesFileLocalPreferences - webdriver.chrome.driver=resources/chromedriver.exe
00:02:35.073 [Test worker] DEBUG net.thucydides.core.util.PropertiesFileLocalPreferences - chrome.switches=--disable-popup-blocking, --disable-download-notification,--start-maximized,--ignore-certificate-errors, --allow-running-insecure-content, --disable-translate, --always-authorize-plugins, --disable-extensions,
00:02:35.073 [Test worker] DEBUG net.thucydides.core.util.PropertiesFileLocalPreferences - serenity.take.screenshots=FOR_EACH_ACTION
00:02:35.074 [Test worker] DEBUG net.thucydides.core.util.PropertiesFileLocalPreferences - serenity.timeouts=10000
00:02:35.074 [Test worker] DEBUG net.thucydides.core.util.PropertiesFileLocalPreferences - webdriver.timeouts.implicitlywait=10000
00:02:35.075 [Test worker] DEBUG net.thucydides.core.util.PropertiesFileLocalPreferences - chrome.capabilities.unexpectedAlertBehaviour=ignore
00:02:35.093 [Test worker] INFO  - 

-------------------------------------------------------------------------------------
     _______. _______ .______       _______ .__   __.  __  .___________.____    ____ 
    /       ||   ____||   _  \     |   ____||  \ |  | |  | |           |\   \  /   / 
   |   (----`|  |__   |  |_)  |    |  |__   |   \|  | |  | `---|  |----` \   \/   /  
    \   \    |   __|  |      /     |   __|  |  . `  | |  |     |  |       \_    _/   
.----)   |   |  |____ |  |\  \----.|  |____ |  |\   | |  |     |  |         |  |     
|_______/    |_______|| _| `._____||_______||__| \__| |__|     |__|         |__|    
                                                                                     
 News and tutorials at http://www.serenity-bdd.info                                  
 Documentation at https://wakaleo.gitbooks.io/the-serenity-book/content/             
 Join the Serenity Community on Gitter: https://gitter.im/serenity-bdd/serenity-core 
 Serenity BDD Support and Training at http://serenity-bdd.info/#/trainingandsupport  
-------------------------------------------------------------------------------------

00:02:35.105 [Test worker] DEBUG net.thucydides.core.steps.StepEventBus - Test suite started for story net.thucydides.core.model.Story@32097605
00:02:35.108 [Test worker] INFO  - Test Suite Started: agrgar productos a la bolsa

?[31mFailed scenarios:?[0m
file:///C:/Users/Molina/Desktop/New%20folder/selenium-webdriver-java-course-c1/FelipeMolinaScreenPlay/src/test/resources/features/agregarProductosBolsa.feature:7 # agregar dos productos

1 Scenarios (?[31m1 failed?[0m)
3 Steps (?[31m1 failed?[0m, ?[36m1 skipped?[0m, ?[32m1 passed?[0m)
0m36.098s


java.lang.AssertionError: 
Expected: an element that is not visible
     but: the element identified by [[ChromeDriver: chrome on WINDOWS (57b54654adda96e95bba1fe0021c36c6)] -> xpath: //button[@type='submit']] [INGRESAR] was visible
	at net.serenitybdd.screenplay.ErrorTally.throwSummaryExceptionFrom(ErrorTally.java:38)
	at net.serenitybdd.screenplay.ErrorTally.reportAnyErrors(ErrorTally.java:32)
	at net.serenitybdd.screenplay.Actor.should(Actor.java:320)
	at net.serenitybdd.screenplay.waits.WaitUntilTargetIsReady.performAs(WaitUntilTargetIsReady.java:30)
	at net.serenitybdd.screenplay.waits.WaitUntilTargetIsReady$ByteBuddy$u8T5jjQG.performAs$accessor$wBXvOejL(Unknown Source)
	at java.base/jdk.internal.reflect.NativeMethodAccessorImpl.invoke0(Native Method)
	at java.base/jdk.internal.reflect.NativeMethodAccessorImpl.invoke(NativeMethodAccessorImpl.java:64)
	at java.base/jdk.internal.reflect.DelegatingMethodAccessorImpl.invoke(DelegatingMethodAccessorImpl.java:43)
	at java.base/java.lang.reflect.Method.invoke(Method.java:564)
	at net.thucydides.core.steps.StepInterceptor.invokeMethod(StepInterceptor.java:492)
	at net.thucydides.core.steps.StepInterceptor.runBaseObjectMethod(StepInterceptor.java:389)
	at net.thucydides.core.steps.StepInterceptor.intercept(StepInterceptor.java:74)
	at net.thucydides.core.steps.ProxyConfiguration$InterceptorDispatcher.intercept(ProxyConfiguration.java:51)
	at net.serenitybdd.screenplay.waits.WaitUntilTargetIsReady$ByteBuddy$u8T5jjQG.performAs(Unknown Source)
	at net.serenitybdd.screenplay.Actor.performTask(Actor.java:252)
	at net.serenitybdd.screenplay.Actor.perform(Actor.java:233)
	at net.serenitybdd.screenplay.Actor.performSilently(Actor.java:213)
	at net.serenitybdd.screenplay.Actor.attemptsTo(Actor.java:174)
	at com.falabella.Task.AgregarProductosBolsa.performAs(AgregarProductosBolsa.java:29)
	at com.falabella.Task.AgregarProductosBolsa$ByteBuddy$GtafeKh5.performAs$accessor$1o6q3GHj(Unknown Source)
	at java.base/jdk.internal.reflect.NativeMethodAccessorImpl.invoke0(Native Method)
	at java.base/jdk.internal.reflect.NativeMethodAccessorImpl.invoke(NativeMethodAccessorImpl.java:64)
	at java.base/jdk.internal.reflect.DelegatingMethodAccessorImpl.invoke(DelegatingMethodAccessorImpl.java:43)
	at java.base/java.lang.reflect.Method.invoke(Method.java:564)
	at net.thucydides.core.steps.StepInterceptor.invokeMethod(StepInterceptor.java:492)
	at net.thucydides.core.steps.StepInterceptor.executeTestStepMethod(StepInterceptor.java:472)
	at net.thucydides.core.steps.StepInterceptor.runTestStep(StepInterceptor.java:445)
	at net.thucydides.core.steps.StepInterceptor.runOrSkipMethod(StepInterceptor.java:201)
	at net.thucydides.core.steps.StepInterceptor.testStepResult(StepInterceptor.java:188)
	at net.thucydides.core.steps.StepInterceptor.intercept(StepInterceptor.java:76)
	at net.thucydides.core.steps.ProxyConfiguration$InterceptorDispatcher.intercept(ProxyConfiguration.java:51)
	at com.falabella.Task.AgregarProductosBolsa$ByteBuddy$GtafeKh5.performAs(Unknown Source)
	at net.serenitybdd.screenplay.Actor.performTask(Actor.java:252)
	at net.serenitybdd.screenplay.Actor.perform(Actor.java:233)
	at net.serenitybdd.screenplay.Actor.attemptsTo(Actor.java:178)
	at com.falabella.StepDefinitions.AgregarProductosBolsaStepDefinition.elUsuarioAgregueLosProductos(AgregarProductosBolsaStepDefinition.java:30)
	at ?.El usuario inicie sesion y agregue los productos(file:///C:/Users/Molina/Desktop/New%20folder/selenium-webdriver-java-course-c1/FelipeMolinaScreenPlay/src/test/resources/features/agregarProductosBolsa.feature:8)


00:03:10.654 [Test worker] DEBUG net.thucydides.core.reports.ReportService - Reporting formats: [JSON, HTML]
00:03:10.791 [Test worker] DEBUG net.thucydides.core.reports.ReportService - Reporting formats: [JSON, HTML]
00:03:10.804 [Test worker] DEBUG net.thucydides.core.reports.ReportService - Generating reports for 1 test outcomes using: net.thucydides.core.reports.json.JSONTestOutcomeReporter@558c2b2b
00:03:10.806 [pool-1-thread-1] DEBUG net.thucydides.core.reports.ReportService - Processing test outcome agrgar productos a la bolsa:agregar dos productos
00:03:10.806 [pool-1-thread-1] DEBUG net.thucydides.core.reports.ReportService - net.thucydides.core.reports.json.JSONTestOutcomeReporter@558c2b2b: Generating report for test outcome: agrgar productos a la bolsa:agregar dos productos
00:03:10.810 [pool-1-thread-1] DEBUG net.thucydides.core.reports.json.JSONTestOutcomeReporter - Generating JSON report for agregar dos productos to file C:\Users\Molina\Desktop\New folder\selenium-webdriver-java-course-c1\FelipeMolinaScreenPlay\target\site\serenity\8a249c54f62d28670f0e09c706f0873684227450794d86306a67164fe6eccd61.json (using temp file C:\Users\Molina\Desktop\New folder\selenium-webdriver-java-course-c1\FelipeMolinaScreenPlay\target\site\serenity\8a249c54f62d28670f0e09c706f0873684227450794d86306a67164fe6eccd61.json9aed812d-823c-4348-830d-5d96b6444211)
00:03:10.861 [pool-1-thread-1] DEBUG net.thucydides.core.reports.ReportService - Processing test outcome agrgar productos a la bolsa:agregar dos productos done
00:03:10.861 [Test worker] DEBUG net.thucydides.core.reports.ReportService - Shutting down executor service
00:03:10.861 [Test worker] DEBUG net.thucydides.core.reports.ReportService - Reports generated in: 57 ms
00:03:10.861 [Test worker] DEBUG net.thucydides.core.reports.ReportService - Generating reports for 1 test outcomes using: net.thucydides.core.reports.html.HtmlAcceptanceTestReporter@23c8ef16
00:03:10.864 [pool-2-thread-1] DEBUG net.thucydides.core.reports.ReportService - Processing test outcome agrgar productos a la bolsa:agregar dos productos
00:03:10.865 [pool-2-thread-1] DEBUG net.thucydides.core.reports.ReportService - net.thucydides.core.reports.html.HtmlAcceptanceTestReporter@23c8ef16: Generating report for test outcome: agrgar productos a la bolsa:agregar dos productos
00:03:10.867 [pool-2-thread-1] DEBUG net.thucydides.core.reports.html.HtmlAcceptanceTestReporter - GENERATE TEST OUTCOME REPORT FOR agregar dos productos in 8a249c54f62d28670f0e09c706f0873684227450794d86306a67164fe6eccd61
00:03:10.914 [pool-2-thread-1] DEBUG net.thucydides.core.requirements.model.cucumber.CucumberParser - Added feature agrgar productos a la bolsa
00:03:10.923 [pool-2-thread-1] DEBUG net.thucydides.core.requirements.model.cucumber.CucumberParser - Added feature registro
00:03:10.924 [pool-2-thread-1] DEBUG net.thucydides.core.requirements.RequirementsTagProvider -  found:[Requirement{name='agrgar productos a la bolsa', type='feature' parent = 'null', cardNumber='null'}, Requirement{name='registro', type='feature' parent = 'null', cardNumber='null'}]
00:03:10.935 [pool-2-thread-1] DEBUG net.thucydides.core.requirements.BaseRequirementsService - Requirement found for test outcome agregar dos productos-[]: Optional[Requirement{name='agrgar productos a la bolsa', type='feature' parent = 'null', cardNumber='null'}]
00:03:10.942 [pool-2-thread-1] DEBUG net.thucydides.core.requirements.BaseRequirementsService - Requirement found for test outcome agregar dos productos-[]: Optional[Requirement{name='agrgar productos a la bolsa', type='feature' parent = 'null', cardNumber='null'}]
00:03:10.974 [pool-2-thread-1] DEBUG net.thucydides.core.requirements.BaseRequirementsService - Requirement found for test outcome agregar dos productos-[]: Optional[Requirement{name='agrgar productos a la bolsa', type='feature' parent = 'null', cardNumber='null'}]
00:03:10.975 [pool-2-thread-1] DEBUG net.thucydides.core.requirements.BaseRequirementsService - Requirement found for test outcome agregar dos productos-[]: Optional[Requirement{name='agrgar productos a la bolsa', type='feature' parent = 'null', cardNumber='null'}]
00:03:11.078 [pool-2-thread-1] DEBUG net.thucydides.core.reports.html.HtmlAcceptanceTestReporter - Generating report in 8a249c54f62d28670f0e09c706f0873684227450794d86306a67164fe6eccd61_screenshots.html
00:03:11.691 [pool-2-thread-1] DEBUG net.thucydides.core.reports.html.HtmlAcceptanceTestReporter - Generated report 8a249c54f62d28670f0e09c706f0873684227450794d86306a67164fe6eccd61_screenshots.html in 613 ms
00:03:11.694 [pool-2-thread-1] DEBUG net.thucydides.core.reports.html.HtmlAcceptanceTestReporter - GENERATING HTML REPORT FOR agrgar productos a la bolsa:agregar dos productos in 8a249c54f62d28670f0e09c706f0873684227450794d86306a67164fe6eccd61.html in directory C:\Users\Molina\Desktop\New folder\selenium-webdriver-java-course-c1\FelipeMolinaScreenPlay\target\site\serenity  
00:03:11.697 [pool-2-thread-1] DEBUG net.thucydides.core.reports.html.HtmlAcceptanceTestReporter - Generating report in 8a249c54f62d28670f0e09c706f0873684227450794d86306a67164fe6eccd61.html
00:03:12.180 [pool-2-thread-1] DEBUG net.thucydides.core.reports.html.HtmlAcceptanceTestReporter - Generated report 8a249c54f62d28670f0e09c706f0873684227450794d86306a67164fe6eccd61.html in 483 ms
00:03:12.180 [pool-2-thread-1] DEBUG net.thucydides.core.reports.ReportService - Processing test outcome agrgar productos a la bolsa:agregar dos productos done
00:03:12.180 [Test worker] DEBUG net.thucydides.core.reports.ReportService - Shutting down executor service
00:03:12.180 [Test worker] DEBUG net.thucydides.core.reports.ReportService - Reports generated in: 1319 ms
00:03:12.248 [Test worker] INFO io.cucumber.core.plugin.SerenityReporter - Cleanup test resources for URI file:///C:/Users/Molina/Desktop/New%20folder/selenium-webdriver-java-course-c1/FelipeMolinaScreenPlay/src/test/resources/features/agregarProductosBolsa.feature
00:03:12.249 [Test worker] DEBUG net.serenitybdd.core.photography.Darkroom - Closing darkroom
00:03:12.250 [Darkroom Processing Line] DEBUG net.serenitybdd.core.photography.DarkroomProcessingLine - Darkroom processing line shutting down
]]></system-out>
  <system-err><![CDATA[]]></system-err>
</testsuite>
