<?xml version="1.0" encoding="UTF-8"?>
<testsuite name="agrgar productos a la bolsa" tests="1" skipped="0" failures="0" errors="0" timestamp="2022-08-16T01:16:01" hostname="DESKTOP-4DRDE1B" time="95.121">
  <properties/>
  <testcase name="agregar dos productos" classname="agrgar productos a la bolsa" time="95.121"/>
  <system-out><![CDATA[20:16:02.063 [Test worker] INFO io.cucumber.core.plugin.SerenityReporter - Running feature from file:///C:/Users/Molina/Desktop/New%20folder/selenium-webdriver-java-course-c1/FelipeMolinaScreenPlay/src/test/resources/features/agregarProductosBolsa.feature
20:16:02.364 [Test worker] INFO  - 
 _____ _____ ____ _____   ____ _____  _    ____ _____ _____ ____  
|_   _| ____/ ___|_   _| / ___|_   _|/ \  |  _ \_   _| ____|  _ \ 
  | | |  _| \___ \ | |   \___ \ | | / _ \ | |_) || | |  _| | | | |
  | | | |___ ___) || |    ___) || |/ ___ \|  _ < | | | |___| |_| |
  |_| |_____|____/ |_|   |____/ |_/_/   \_\_| \_\|_| |_____|____/ 

agregar dos productos(agrgar-productos-a-la-bolsa;agregar-dos-productos)
-------------------------------------------------------------------
20:16:02.503 [Test worker] DEBUG net.thucydides.core.requirements.model.cucumber.CucumberParser - Added feature agrgar productos a la bolsa
20:16:02.539 [Test worker] DEBUG net.thucydides.core.requirements.model.cucumber.CucumberParser - Added feature registro
20:16:03.705 [Test worker] DEBUG net.thucydides.core.steps.StepInterceptor - STARTING STEP: RegistroStepDefinition.elUsuarioSeEncuentreEnLaPagina - {0} opens the #targetPage
20:16:03.868 [Test worker] INFO net.serenitybdd.core.webdriver.driverproviders.ChromeDriverProvider - Using automatically driver download
20:16:04.910 [Test worker] DEBUG io.github.bonigarcia.wdm.cache.ResolutionCache - Resolution chrome=104 in cache (valid until 21:14:08 15/08/2022 COT)
20:16:04.918 [Test worker] DEBUG io.github.bonigarcia.wdm.cache.ResolutionCache - Resolution chrome104=104.0.5112.79 in cache (valid until 16:39:29 16/08/2022 COT)
20:16:04.918 [Test worker] INFO io.github.bonigarcia.wdm.WebDriverManager - Using chromedriver 104.0.5112.79 (resolved driver for Chrome 104)
20:16:04.953 [Test worker] DEBUG io.github.bonigarcia.wdm.WebDriverManager - Driver chromedriver 104.0.5112.79 found in cache
20:16:04.956 [Test worker] INFO io.github.bonigarcia.wdm.WebDriverManager - Exporting webdriver.chrome.driver as C:\Users\Molina\.cache\selenium\chromedriver\win32\104.0.5112.79\chromedriver.exe
20:16:06.197 [Test worker] INFO net.serenitybdd.core.webdriver.driverproviders.ProvideNewDriver - Instantiating driver
20:16:06.199 [Test worker] INFO net.serenitybdd.core.webdriver.driverproviders.ProvideNewDriver - Driver capabilities: Capabilities {acceptInsecureCerts: false, browserName: chrome, chrome.switches: --disable-popup-blocking,--..., goog:chromeOptions: {args: [--disable-popup-blocking, --incognito, --disable-download-notifica..., --start-maximized, --ignore-certificate-errors, --allow-running-insecure-co..., --disable-translate, --always-authorize-plugins, --disable-extensions], extensions: []}, loggingPrefs: org.openqa.selenium.logging..., unexpectedAlertBehaviour: ignore, unhandledPromptBehavior: ignore}
20:16:17.780 [Test worker] DEBUG net.serenitybdd.core.photography.Darkroom - Opening darkroom
20:16:17.791 [Darkroom Processing Line] DEBUG net.serenitybdd.core.photography.DarkroomProcessingLine - Darkroom processing line starting up
20:16:19.772 [Test worker] DEBUG net.serenitybdd.core.photography.Darkroom - Send negative for processing for C:\Users\Molina\Desktop\New folder\selenium-webdriver-java-course-c1\FelipeMolinaScreenPlay\target\site\serenity\fe7c63d413bed7a643e3c96a2724ff6ce1865c6d67f887434a308b83e2b93350.png
20:16:19.780 [Test worker] DEBUG net.thucydides.core.steps.StepInterceptor - STEP DONE: {0} opens the #targetPage
20:16:20.750 [Test worker] DEBUG net.serenitybdd.core.photography.Darkroom - Send negative for processing for C:\Users\Molina\Desktop\New folder\selenium-webdriver-java-course-c1\FelipeMolinaScreenPlay\target\site\serenity\0cd86a9a80553970bb6fbe9b09f8f1ad363182a27f37ba6f2b45bdcc77631677.png
20:16:20.751 [Darkroom Processing Line] DEBUG net.serenitybdd.core.photography.DarkroomProcessingLine - Processing screenshot image in /var/screenshots/screenshot-3558194604928913683
20:16:20.751 [Darkroom Processing Line] DEBUG net.serenitybdd.core.photography.DarkroomProcessingLine - Saving screenshot to C:\Users\Molina\Desktop\New folder\selenium-webdriver-java-course-c1\FelipeMolinaScreenPlay\target\site\serenity\0cd86a9a80553970bb6fbe9b09f8f1ad363182a27f37ba6f2b45bdcc77631677.png
20:16:21.577 [Test worker] DEBUG net.serenitybdd.core.photography.Darkroom - Send negative for processing for C:\Users\Molina\Desktop\New folder\selenium-webdriver-java-course-c1\FelipeMolinaScreenPlay\target\site\serenity\0cd86a9a80553970bb6fbe9b09f8f1ad363182a27f37ba6f2b45bdcc77631677.png
20:16:22.580 [Test worker] DEBUG net.serenitybdd.core.photography.Darkroom - Send negative for processing for C:\Users\Molina\Desktop\New folder\selenium-webdriver-java-course-c1\FelipeMolinaScreenPlay\target\site\serenity\374a0b7ae3459635c15afc2ab68b227b84b5260c99abe3ec83998baf3ca792f5.png
20:16:22.582 [Darkroom Processing Line] DEBUG net.serenitybdd.core.photography.DarkroomProcessingLine - Processing screenshot image in /var/screenshots/screenshot-4521177308990154080
20:16:22.582 [Darkroom Processing Line] DEBUG net.serenitybdd.core.photography.DarkroomProcessingLine - Saving screenshot to C:\Users\Molina\Desktop\New folder\selenium-webdriver-java-course-c1\FelipeMolinaScreenPlay\target\site\serenity\374a0b7ae3459635c15afc2ab68b227b84b5260c99abe3ec83998baf3ca792f5.png
20:16:22.585 [Test worker] DEBUG net.thucydides.core.steps.StepInterceptor - STARTING STEP: AgregarProductosBolsaStepDefinition.elUsuarioAgregueLosProductos - performAs
20:16:23.795 [Test worker] DEBUG net.serenitybdd.core.photography.Darkroom - Send negative for processing for C:\Users\Molina\Desktop\New folder\selenium-webdriver-java-course-c1\FelipeMolinaScreenPlay\target\site\serenity\374a0b7ae3459635c15afc2ab68b227b84b5260c99abe3ec83998baf3ca792f5.png
20:16:23.799 [Test worker] DEBUG net.thucydides.core.steps.StepInterceptor - STARTING STEP: AgregarProductosBolsa.performAs - {0} clicks on #target
20:16:23.804 [Test worker] DEBUG net.serenitybdd.screenplay.targets.IFrameSwitcher - default content already selected for boton categorias
20:16:25.226 [Test worker] DEBUG net.serenitybdd.core.photography.Darkroom - Send negative for processing for C:\Users\Molina\Desktop\New folder\selenium-webdriver-java-course-c1\FelipeMolinaScreenPlay\target\site\serenity\49b80f3b82da6d067111ec62e1e1f550e058b85c66a88ebab0008fac12dc31b3.png
20:16:25.230 [Darkroom Processing Line] DEBUG net.serenitybdd.core.photography.DarkroomProcessingLine - Processing screenshot image in /var/screenshots/screenshot-7089886289302046505
20:16:25.231 [Darkroom Processing Line] DEBUG net.serenitybdd.core.photography.DarkroomProcessingLine - Saving screenshot to C:\Users\Molina\Desktop\New folder\selenium-webdriver-java-course-c1\FelipeMolinaScreenPlay\target\site\serenity\49b80f3b82da6d067111ec62e1e1f550e058b85c66a88ebab0008fac12dc31b3.png
20:16:25.272 [Test worker] DEBUG net.thucydides.core.steps.StepInterceptor - STEP DONE: {0} clicks on #target
20:16:26.128 [Test worker] DEBUG net.serenitybdd.core.photography.Darkroom - Send negative for processing for C:\Users\Molina\Desktop\New folder\selenium-webdriver-java-course-c1\FelipeMolinaScreenPlay\target\site\serenity\cdd3223d0ec6153b0706776a1ab38d169069e9ed44be3c2f50ac59947eff7812.png
20:16:26.131 [Test worker] DEBUG net.thucydides.core.steps.StepInterceptor - STARTING STEP: AgregarProductosBolsa.performAs - {0} clicks on #target
20:16:26.134 [Darkroom Processing Line] DEBUG net.serenitybdd.core.photography.DarkroomProcessingLine - Processing screenshot image in /var/screenshots/screenshot-133171557538139202
20:16:26.134 [Darkroom Processing Line] DEBUG net.serenitybdd.core.photography.DarkroomProcessingLine - Saving screenshot to C:\Users\Molina\Desktop\New folder\selenium-webdriver-java-course-c1\FelipeMolinaScreenPlay\target\site\serenity\cdd3223d0ec6153b0706776a1ab38d169069e9ed44be3c2f50ac59947eff7812.png
20:16:26.134 [Test worker] DEBUG net.serenitybdd.screenplay.targets.IFrameSwitcher - default content already selected for boton dormitorio
20:16:27.116 [Test worker] DEBUG net.serenitybdd.core.photography.Darkroom - Send negative for processing for C:\Users\Molina\Desktop\New folder\selenium-webdriver-java-course-c1\FelipeMolinaScreenPlay\target\site\serenity\7e63aac371e0dd8a1e05428c59dfb8e7d95d47645de747525ac0da7052730b2a.png
20:16:27.117 [Darkroom Processing Line] DEBUG net.serenitybdd.core.photography.DarkroomProcessingLine - Processing screenshot image in /var/screenshots/screenshot-1261575122295990666
20:16:27.117 [Darkroom Processing Line] DEBUG net.serenitybdd.core.photography.DarkroomProcessingLine - Saving screenshot to C:\Users\Molina\Desktop\New folder\selenium-webdriver-java-course-c1\FelipeMolinaScreenPlay\target\site\serenity\7e63aac371e0dd8a1e05428c59dfb8e7d95d47645de747525ac0da7052730b2a.png
20:16:27.140 [Test worker] DEBUG net.thucydides.core.steps.StepInterceptor - STEP DONE: {0} clicks on #target
20:16:27.609 [Test worker] DEBUG net.serenitybdd.core.photography.Darkroom - Send negative for processing for C:\Users\Molina\Desktop\New folder\selenium-webdriver-java-course-c1\FelipeMolinaScreenPlay\target\site\serenity\687c5f2615ebf176105beb94b5bbf4b9e91aa867e71e38942ba34945923f931d.png
20:16:27.622 [Test worker] DEBUG net.thucydides.core.steps.StepInterceptor - STARTING STEP: AgregarProductosBolsa.performAs - {0} clicks on #target
20:16:27.625 [Test worker] DEBUG net.serenitybdd.screenplay.targets.IFrameSwitcher - default content already selected for boton basecama
20:16:42.427 [Test worker] DEBUG net.serenitybdd.core.photography.Darkroom - Send negative for processing for C:\Users\Molina\Desktop\New folder\selenium-webdriver-java-course-c1\FelipeMolinaScreenPlay\target\site\serenity\7c97b07c0cdddbde875ff74528a84145c2b8b91494c7ac83f7bb034b1a8d7118.png
20:16:42.428 [Darkroom Processing Line] DEBUG net.serenitybdd.core.photography.DarkroomProcessingLine - Processing screenshot image in /var/screenshots/screenshot-8586326845815811006
20:16:42.429 [Darkroom Processing Line] DEBUG net.serenitybdd.core.photography.DarkroomProcessingLine - Saving screenshot to C:\Users\Molina\Desktop\New folder\selenium-webdriver-java-course-c1\FelipeMolinaScreenPlay\target\site\serenity\7c97b07c0cdddbde875ff74528a84145c2b8b91494c7ac83f7bb034b1a8d7118.png
20:16:42.911 [Test worker] DEBUG net.serenitybdd.core.photography.Darkroom - Send negative for processing for C:\Users\Molina\Desktop\New folder\selenium-webdriver-java-course-c1\FelipeMolinaScreenPlay\target\site\serenity\7c97b07c0cdddbde875ff74528a84145c2b8b91494c7ac83f7bb034b1a8d7118.png
20:16:42.912 [Test worker] DEBUG net.thucydides.core.steps.StepInterceptor - STEP DONE: {0} clicks on #target
20:16:42.915 [Test worker] DEBUG net.serenitybdd.screenplay.targets.IFrameSwitcher - default content already selected for imagen primer producto a seleccionar
20:16:44.188 [Test worker] DEBUG net.serenitybdd.core.photography.Darkroom - Send negative for processing for C:\Users\Molina\Desktop\New folder\selenium-webdriver-java-course-c1\FelipeMolinaScreenPlay\target\site\serenity\a5e7ce92cd78c40e7d353d1106b9b6817c83fc175d66fd3c858a77a8a8a302e6.png
20:16:44.188 [Darkroom Processing Line] DEBUG net.serenitybdd.core.photography.DarkroomProcessingLine - Processing screenshot image in /var/screenshots/screenshot-6906528000539287518
20:16:44.189 [Darkroom Processing Line] DEBUG net.serenitybdd.core.photography.DarkroomProcessingLine - Saving screenshot to C:\Users\Molina\Desktop\New folder\selenium-webdriver-java-course-c1\FelipeMolinaScreenPlay\target\site\serenity\a5e7ce92cd78c40e7d353d1106b9b6817c83fc175d66fd3c858a77a8a8a302e6.png
20:16:44.190 [Test worker] DEBUG net.thucydides.core.steps.StepInterceptor - STARTING STEP: AgregarProductosBolsa.performAs - {0} hovers over #target
20:16:44.215 [Test worker] DEBUG net.serenitybdd.screenplay.targets.IFrameSwitcher - default content already selected for imagen primer producto a seleccionar
20:16:44.857 [Test worker] DEBUG net.serenitybdd.core.photography.Darkroom - Send negative for processing for C:\Users\Molina\Desktop\New folder\selenium-webdriver-java-course-c1\FelipeMolinaScreenPlay\target\site\serenity\0f61f257ba67de3567490a03439d5b9e1101d5ed2072c3d1d7af3f3cfcf6c24b.png
20:16:44.858 [Test worker] DEBUG net.thucydides.core.steps.StepInterceptor - STEP DONE: {0} hovers over #target
20:16:44.858 [Darkroom Processing Line] DEBUG net.serenitybdd.core.photography.DarkroomProcessingLine - Processing screenshot image in /var/screenshots/screenshot-2433138417525588532
20:16:44.858 [Darkroom Processing Line] DEBUG net.serenitybdd.core.photography.DarkroomProcessingLine - Saving screenshot to C:\Users\Molina\Desktop\New folder\selenium-webdriver-java-course-c1\FelipeMolinaScreenPlay\target\site\serenity\0f61f257ba67de3567490a03439d5b9e1101d5ed2072c3d1d7af3f3cfcf6c24b.png
20:16:44.880 [Test worker] DEBUG net.thucydides.core.steps.StepInterceptor - STARTING STEP: AgregarProductosBolsa.performAs - {0} clicks on #target
20:16:44.881 [Test worker] DEBUG net.serenitybdd.screenplay.targets.IFrameSwitcher - default content already selected for boton agregar primer producto
20:16:49.348 [Test worker] DEBUG net.serenitybdd.core.photography.Darkroom - Send negative for processing for C:\Users\Molina\Desktop\New folder\selenium-webdriver-java-course-c1\FelipeMolinaScreenPlay\target\site\serenity\1e034192bab8ff134a6f93ad7e0d2c1a7c8faacc4ce3d3ef201e7d64b8982eeb.png
20:16:49.380 [Test worker] DEBUG net.thucydides.core.steps.StepInterceptor - STEP DONE: {0} clicks on #target
20:16:49.752 [Test worker] DEBUG net.serenitybdd.core.photography.Darkroom - Send negative for processing for C:\Users\Molina\Desktop\New folder\selenium-webdriver-java-course-c1\FelipeMolinaScreenPlay\target\site\serenity\1e034192bab8ff134a6f93ad7e0d2c1a7c8faacc4ce3d3ef201e7d64b8982eeb.png
20:16:49.753 [Test worker] DEBUG net.thucydides.core.steps.StepInterceptor - STARTING STEP: AgregarProductosBolsa.performAs - {0} clicks on #target
20:16:49.754 [Test worker] DEBUG net.serenitybdd.screenplay.targets.IFrameSwitcher - default content already selected for boton ver bolsa de compras primer producto
20:17:02.023 [Test worker] DEBUG net.serenitybdd.core.photography.Darkroom - Send negative for processing for C:\Users\Molina\Desktop\New folder\selenium-webdriver-java-course-c1\FelipeMolinaScreenPlay\target\site\serenity\90ec23ca937a8de193b01a878bff3bcb03ce8fc9a9574315e0c0255c3e9bf480.png
20:17:02.024 [Darkroom Processing Line] DEBUG net.serenitybdd.core.photography.DarkroomProcessingLine - Processing screenshot image in /var/screenshots/screenshot-67952489849989973
20:17:02.024 [Darkroom Processing Line] DEBUG net.serenitybdd.core.photography.DarkroomProcessingLine - Saving screenshot to C:\Users\Molina\Desktop\New folder\selenium-webdriver-java-course-c1\FelipeMolinaScreenPlay\target\site\serenity\90ec23ca937a8de193b01a878bff3bcb03ce8fc9a9574315e0c0255c3e9bf480.png
20:17:02.047 [Test worker] DEBUG net.thucydides.core.steps.StepInterceptor - STEP DONE: {0} clicks on #target
20:17:02.578 [Test worker] DEBUG net.serenitybdd.core.photography.Darkroom - Send negative for processing for C:\Users\Molina\Desktop\New folder\selenium-webdriver-java-course-c1\FelipeMolinaScreenPlay\target\site\serenity\90ec23ca937a8de193b01a878bff3bcb03ce8fc9a9574315e0c0255c3e9bf480.png
20:17:02.580 [Test worker] DEBUG net.thucydides.core.steps.StepInterceptor - STARTING STEP: AgregarProductosBolsa.performAs - {0} enters #theTextAsAString into #target
20:17:02.582 [Test worker] DEBUG net.serenitybdd.screenplay.targets.IFrameSwitcher - default content already selected for ingresar busqueda
20:17:03.914 [Test worker] DEBUG net.serenitybdd.core.photography.Darkroom - Send negative for processing for C:\Users\Molina\Desktop\New folder\selenium-webdriver-java-course-c1\FelipeMolinaScreenPlay\target\site\serenity\3211729de325b72a7e5916136e63996da7db5d520f71ff71dc6e1b393d9ee1c1.png
20:17:03.914 [Darkroom Processing Line] DEBUG net.serenitybdd.core.photography.DarkroomProcessingLine - Processing screenshot image in /var/screenshots/screenshot-18019827353589616684
20:17:03.915 [Darkroom Processing Line] DEBUG net.serenitybdd.core.photography.DarkroomProcessingLine - Saving screenshot to C:\Users\Molina\Desktop\New folder\selenium-webdriver-java-course-c1\FelipeMolinaScreenPlay\target\site\serenity\3211729de325b72a7e5916136e63996da7db5d520f71ff71dc6e1b393d9ee1c1.png
20:17:03.941 [Test worker] DEBUG net.thucydides.core.steps.StepInterceptor - STEP DONE: {0} enters #theTextAsAString into #target
20:17:03.960 [Test worker] DEBUG net.thucydides.core.steps.StepInterceptor - STARTING STEP: AgregarProductosBolsa.performAs - {0} clicks on #target
20:17:03.963 [Test worker] DEBUG net.serenitybdd.screenplay.targets.IFrameSwitcher - default content already selected for enter realizar busqueda
20:17:14.067 [Test worker] DEBUG net.serenitybdd.core.photography.Darkroom - Send negative for processing for C:\Users\Molina\Desktop\New folder\selenium-webdriver-java-course-c1\FelipeMolinaScreenPlay\target\site\serenity\ac6aea34a542203b1290c596e686c11e3afe15f07be1188bf3b483bf8cb8111b.png
20:17:14.067 [Darkroom Processing Line] DEBUG net.serenitybdd.core.photography.DarkroomProcessingLine - Processing screenshot image in /var/screenshots/screenshot-5439690562061568597
20:17:14.068 [Darkroom Processing Line] DEBUG net.serenitybdd.core.photography.DarkroomProcessingLine - Saving screenshot to C:\Users\Molina\Desktop\New folder\selenium-webdriver-java-course-c1\FelipeMolinaScreenPlay\target\site\serenity\ac6aea34a542203b1290c596e686c11e3afe15f07be1188bf3b483bf8cb8111b.png
20:17:14.095 [Test worker] DEBUG net.thucydides.core.steps.StepInterceptor - STEP DONE: {0} clicks on #target
20:17:14.096 [Test worker] DEBUG net.serenitybdd.screenplay.targets.IFrameSwitcher - default content already selected for imagen segundo producto a seleccionar
20:17:15.071 [Test worker] DEBUG net.serenitybdd.core.photography.Darkroom - Send negative for processing for C:\Users\Molina\Desktop\New folder\selenium-webdriver-java-course-c1\FelipeMolinaScreenPlay\target\site\serenity\c5d5e55a6f106996d9ec14dae11c8790bedbc8d0b23960c9762da1ea67e61a16.png
20:17:15.072 [Test worker] DEBUG net.thucydides.core.steps.StepInterceptor - STARTING STEP: AgregarProductosBolsa.performAs - {0} hovers over #target
20:17:15.094 [Test worker] DEBUG net.serenitybdd.screenplay.targets.IFrameSwitcher - default content already selected for imagen segundo producto a seleccionar
20:17:15.807 [Test worker] DEBUG net.serenitybdd.core.photography.Darkroom - Send negative for processing for C:\Users\Molina\Desktop\New folder\selenium-webdriver-java-course-c1\FelipeMolinaScreenPlay\target\site\serenity\1fc264c67e538b6095afa6da1623419dc8536e68f2cd5215a8d8fb10c824c7af.png
20:17:15.808 [Test worker] DEBUG net.thucydides.core.steps.StepInterceptor - STEP DONE: {0} hovers over #target
20:17:15.808 [Darkroom Processing Line] DEBUG net.serenitybdd.core.photography.DarkroomProcessingLine - Processing screenshot image in /var/screenshots/screenshot-13314277125691892804
20:17:15.808 [Darkroom Processing Line] DEBUG net.serenitybdd.core.photography.DarkroomProcessingLine - Saving screenshot to C:\Users\Molina\Desktop\New folder\selenium-webdriver-java-course-c1\FelipeMolinaScreenPlay\target\site\serenity\1fc264c67e538b6095afa6da1623419dc8536e68f2cd5215a8d8fb10c824c7af.png
20:17:15.834 [Test worker] DEBUG net.thucydides.core.steps.StepInterceptor - STARTING STEP: AgregarProductosBolsa.performAs - {0} clicks on #target
20:17:15.835 [Test worker] DEBUG net.serenitybdd.screenplay.targets.IFrameSwitcher - default content already selected for boton agregar segundo producto
20:17:20.774 [Test worker] DEBUG net.serenitybdd.core.photography.Darkroom - Send negative for processing for C:\Users\Molina\Desktop\New folder\selenium-webdriver-java-course-c1\FelipeMolinaScreenPlay\target\site\serenity\4117c994c8f2bafeac1ce12f49da1159d375bdc233b51977bcfdb4aa4141d362.png
20:17:20.794 [Test worker] DEBUG net.thucydides.core.steps.StepInterceptor - STEP DONE: {0} clicks on #target
20:17:20.820 [Test worker] DEBUG net.thucydides.core.steps.StepInterceptor - STARTING STEP: AgregarProductosBolsa.performAs - {0} clicks on #target
20:17:20.821 [Test worker] DEBUG net.serenitybdd.screenplay.targets.IFrameSwitcher - default content already selected for boton ver bolsa de compras segundo producto
20:17:32.558 [Test worker] DEBUG net.serenitybdd.core.photography.Darkroom - Send negative for processing for C:\Users\Molina\Desktop\New folder\selenium-webdriver-java-course-c1\FelipeMolinaScreenPlay\target\site\serenity\ae23b120d61bbdd8fa86ff29f44ad9f6e0dec3f716c24681ddbfb01b6952ed12.png
20:17:32.559 [Darkroom Processing Line] DEBUG net.serenitybdd.core.photography.DarkroomProcessingLine - Processing screenshot image in /var/screenshots/screenshot-4231828160365256348
20:17:32.560 [Darkroom Processing Line] DEBUG net.serenitybdd.core.photography.DarkroomProcessingLine - Saving screenshot to C:\Users\Molina\Desktop\New folder\selenium-webdriver-java-course-c1\FelipeMolinaScreenPlay\target\site\serenity\ae23b120d61bbdd8fa86ff29f44ad9f6e0dec3f716c24681ddbfb01b6952ed12.png
20:17:32.604 [Test worker] DEBUG net.thucydides.core.steps.StepInterceptor - STEP DONE: {0} clicks on #target
20:17:32.989 [Test worker] DEBUG net.serenitybdd.core.photography.Darkroom - Send negative for processing for C:\Users\Molina\Desktop\New folder\selenium-webdriver-java-course-c1\FelipeMolinaScreenPlay\target\site\serenity\85055887bf5372fd6e6e2dd3b44107c7dfaed8f3767c4c9ce2d3f5c5dfc30792.png
20:17:32.990 [Darkroom Processing Line] DEBUG net.serenitybdd.core.photography.DarkroomProcessingLine - Processing screenshot image in /var/screenshots/screenshot-16637196920197241285
20:17:32.990 [Darkroom Processing Line] DEBUG net.serenitybdd.core.photography.DarkroomProcessingLine - Saving screenshot to C:\Users\Molina\Desktop\New folder\selenium-webdriver-java-course-c1\FelipeMolinaScreenPlay\target\site\serenity\85055887bf5372fd6e6e2dd3b44107c7dfaed8f3767c4c9ce2d3f5c5dfc30792.png
20:17:32.993 [Test worker] DEBUG net.thucydides.core.steps.StepInterceptor - STEP DONE: performAs
20:17:33.404 [Test worker] DEBUG net.serenitybdd.core.photography.Darkroom - Send negative for processing for C:\Users\Molina\Desktop\New folder\selenium-webdriver-java-course-c1\FelipeMolinaScreenPlay\target\site\serenity\85055887bf5372fd6e6e2dd3b44107c7dfaed8f3767c4c9ce2d3f5c5dfc30792.png
20:17:33.981 [Test worker] DEBUG net.serenitybdd.core.photography.Darkroom - Send negative for processing for C:\Users\Molina\Desktop\New folder\selenium-webdriver-java-course-c1\FelipeMolinaScreenPlay\target\site\serenity\85055887bf5372fd6e6e2dd3b44107c7dfaed8f3767c4c9ce2d3f5c5dfc30792.png
20:17:33.987 [Test worker] DEBUG net.serenitybdd.screenplay.targets.IFrameSwitcher - default content already selected for mensaje de cantidad de productos
20:17:34.394 [Test worker] DEBUG net.serenitybdd.core.photography.Darkroom - Send negative for processing for C:\Users\Molina\Desktop\New folder\selenium-webdriver-java-course-c1\FelipeMolinaScreenPlay\target\site\serenity\85055887bf5372fd6e6e2dd3b44107c7dfaed8f3767c4c9ce2d3f5c5dfc30792.png
20:17:36.781 [Test worker] INFO  - 
        __    _____ _____ ____ _____   ____   _    ____  ____  _____ ____  
  _     \ \  |_   _| ____/ ___|_   _| |  _ \ / \  / ___|/ ___|| ____|  _ \ 
 (_)_____| |   | | |  _| \___ \ | |   | |_) / _ \ \___ \\___ \|  _| | | | |
  _|_____| |   | | | |___ ___) || |   |  __/ ___ \ ___) |___) | |___| |_| |
 (_)     | |   |_| |_____|____/ |_|   |_| /_/   \_\____/|____/|_____|____/ 
        /_/                                                                

agregar dos productos
----------------------------------------------------------------------------
]]></system-out>
  <system-err><![CDATA[Starting ChromeDriver 104.0.5112.79 (3cf3e8c8a07d104b9e1260c910efb8f383285dc5-refs/branch-heads/5112@{#1307}) on port 2002
Only local connections are allowed.
Please see https://chromedriver.chromium.org/security-considerations for suggestions on keeping ChromeDriver safe.
ChromeDriver was started successfully.
ago. 15, 2022 8:16:08 P. M. org.openqa.selenium.remote.ProtocolHandshake createSession
INFO: Detected dialect: W3C
]]></system-err>
</testsuite>
