<?xml version="1.0" encoding="UTF-8"?>
<testsuite name="com.falabella.Runners.AgregarProductosBolsaRunner" tests="0" skipped="0" failures="0" errors="0" timestamp="1970-01-01T00:00:00" hostname="DESKTOP-4DRDE1B" time="0.0">
  <properties/>
  <system-out><![CDATA[20:15:58.565 [Test worker] DEBUG net.thucydides.core.util.PropertiesFileLocalPreferences - LOADING LOCAL PROPERTIES FROM C:\Users\Molina\Desktop\New folder\selenium-webdriver-java-course-c1\FelipeMolinaScreenPlay\serenity.properties 
20:15:58.970 [Test worker] DEBUG net.thucydides.core.util.PropertiesFileLocalPreferences - LOADING LOCAL PROPERTIES FROM C:\Users\Molina\Desktop\New folder\selenium-webdriver-java-course-c1\FelipeMolinaScreenPlay\serenity.properties 
20:15:58.980 [Test worker] DEBUG net.thucydides.core.util.PropertiesFileLocalPreferences - LOADING LOCAL PROPERTIES FROM C:\Users\Molina\Desktop\New folder\selenium-webdriver-java-course-c1\FelipeMolinaScreenPlay\serenity.properties 
20:15:59.015 [Test worker] DEBUG net.thucydides.core.util.PropertiesFileLocalPreferences - webdriver.driver=chrome
20:15:59.016 [Test worker] DEBUG net.thucydides.core.util.PropertiesFileLocalPreferences - webdriver.chrome.driver=resources/chromedriver.exe
20:15:59.016 [Test worker] DEBUG net.thucydides.core.util.PropertiesFileLocalPreferences - chrome.switches=--disable-popup-blocking,--incognito, --disable-download-notification,--start-maximized,--ignore-certificate-errors, --allow-running-insecure-content, --disable-translate, --always-authorize-plugins, --disable-extensions,
20:15:59.016 [Test worker] DEBUG net.thucydides.core.util.PropertiesFileLocalPreferences - serenity.take.screenshots=FOR_EACH_ACTION
20:15:59.017 [Test worker] DEBUG net.thucydides.core.util.PropertiesFileLocalPreferences - serenity.timeouts=10000
20:15:59.017 [Test worker] DEBUG net.thucydides.core.util.PropertiesFileLocalPreferences - webdriver.timeouts.implicitlywait=10000
20:15:59.017 [Test worker] DEBUG net.thucydides.core.util.PropertiesFileLocalPreferences - chrome.capabilities.unexpectedAlertBehaviour=ignore
20:16:00.386 [Test worker] INFO io.cucumber.core.plugin.SerenityReporter - Running feature from file:///C:/Users/Molina/Desktop/New%20folder/selenium-webdriver-java-course-c1/FelipeMolinaScreenPlay/src/test/resources/features/agregarProductosBolsa.feature
20:16:01.070 [Test worker] DEBUG net.thucydides.core.util.PropertiesFileLocalPreferences - LOADING LOCAL PROPERTIES FROM C:\Users\Molina\Desktop\New folder\selenium-webdriver-java-course-c1\FelipeMolinaScreenPlay\serenity.properties 
20:16:01.461 [Test worker] DEBUG net.thucydides.core.util.PropertiesFileLocalPreferences - LOADING LOCAL PROPERTIES FROM C:\Users\Molina\Desktop\New folder\selenium-webdriver-java-course-c1\FelipeMolinaScreenPlay\serenity.properties 
20:16:01.463 [Test worker] DEBUG net.thucydides.core.util.PropertiesFileLocalPreferences - LOADING LOCAL PROPERTIES FROM C:\Users\Molina\Desktop\New folder\selenium-webdriver-java-course-c1\FelipeMolinaScreenPlay\serenity.properties 
20:16:01.467 [Test worker] DEBUG net.thucydides.core.util.PropertiesFileLocalPreferences - webdriver.driver=chrome
20:16:01.469 [Test worker] DEBUG net.thucydides.core.util.PropertiesFileLocalPreferences - webdriver.chrome.driver=resources/chromedriver.exe
20:16:01.474 [Test worker] DEBUG net.thucydides.core.util.PropertiesFileLocalPreferences - chrome.switches=--disable-popup-blocking,--incognito, --disable-download-notification,--start-maximized,--ignore-certificate-errors, --allow-running-insecure-content, --disable-translate, --always-authorize-plugins, --disable-extensions,
20:16:01.476 [Test worker] DEBUG net.thucydides.core.util.PropertiesFileLocalPreferences - serenity.take.screenshots=FOR_EACH_ACTION
20:16:01.480 [Test worker] DEBUG net.thucydides.core.util.PropertiesFileLocalPreferences - serenity.timeouts=10000
20:16:01.482 [Test worker] DEBUG net.thucydides.core.util.PropertiesFileLocalPreferences - webdriver.timeouts.implicitlywait=10000
20:16:01.491 [Test worker] DEBUG net.thucydides.core.util.PropertiesFileLocalPreferences - chrome.capabilities.unexpectedAlertBehaviour=ignore
20:16:01.518 [Test worker] INFO  - 

-------------------------------------------------------------------------------------
     _______. _______ .______       _______ .__   __.  __  .___________.____    ____ 
    /       ||   ____||   _  \     |   ____||  \ |  | |  | |           |\   \  /   / 
   |   (----`|  |__   |  |_)  |    |  |__   |   \|  | |  | `---|  |----` \   \/   /  
    \   \    |   __|  |      /     |   __|  |  . `  | |  |     |  |       \_    _/   
.----)   |   |  |____ |  |\  \----.|  |____ |  |\   | |  |     |  |         |  |     
|_______/    |_______|| _| `._____||_______||__| \__| |__|     |__|         |__|    
                                                                                     
 News and tutorials at http://www.serenity-bdd.info                                  
 Documentation at https://wakaleo.gitbooks.io/the-serenity-book/content/             
 Join the Serenity Community on Gitter: https://gitter.im/serenity-bdd/serenity-core 
 Serenity BDD Support and Training at http://serenity-bdd.info/#/trainingandsupport  
-------------------------------------------------------------------------------------

20:16:01.584 [Test worker] DEBUG net.thucydides.core.steps.StepEventBus - Test suite started for story net.thucydides.core.model.Story@32097605
20:16:01.607 [Test worker] INFO  - Test Suite Started: agrgar productos a la bolsa

1 Scenarios (?[32m1 passed?[0m)
3 Steps (?[32m3 passed?[0m)
1m36.430s


20:17:36.805 [Test worker] DEBUG net.thucydides.core.reports.ReportService - Reporting formats: [JSON, HTML]
20:17:37.028 [Test worker] DEBUG net.thucydides.core.reports.ReportService - Reporting formats: [JSON, HTML]
20:17:37.057 [Test worker] DEBUG net.thucydides.core.reports.ReportService - Generating reports for 1 test outcomes using: net.thucydides.core.reports.json.JSONTestOutcomeReporter@3dbcff1b
20:17:37.061 [pool-1-thread-1] DEBUG net.thucydides.core.reports.ReportService - Processing test outcome agrgar productos a la bolsa:agregar dos productos
20:17:37.061 [pool-1-thread-1] DEBUG net.thucydides.core.reports.ReportService - net.thucydides.core.reports.json.JSONTestOutcomeReporter@3dbcff1b: Generating report for test outcome: agrgar productos a la bolsa:agregar dos productos
20:17:37.069 [pool-1-thread-1] DEBUG net.thucydides.core.reports.json.JSONTestOutcomeReporter - Generating JSON report for agregar dos productos to file C:\Users\Molina\Desktop\New folder\selenium-webdriver-java-course-c1\FelipeMolinaScreenPlay\target\site\serenity\8a249c54f62d28670f0e09c706f0873684227450794d86306a67164fe6eccd61.json (using temp file C:\Users\Molina\Desktop\New folder\selenium-webdriver-java-course-c1\FelipeMolinaScreenPlay\target\site\serenity\8a249c54f62d28670f0e09c706f0873684227450794d86306a67164fe6eccd61.json017e1af8-664c-4fba-b5c7-c72e8a23c57e)
20:17:37.176 [pool-1-thread-1] DEBUG net.thucydides.core.reports.ReportService - Processing test outcome agrgar productos a la bolsa:agregar dos productos done
20:17:37.176 [Test worker] DEBUG net.thucydides.core.reports.ReportService - Shutting down executor service
20:17:37.177 [Test worker] DEBUG net.thucydides.core.reports.ReportService - Reports generated in: 120 ms
20:17:37.177 [Test worker] DEBUG net.thucydides.core.reports.ReportService - Generating reports for 1 test outcomes using: net.thucydides.core.reports.html.HtmlAcceptanceTestReporter@52ee91c1
20:17:37.185 [pool-2-thread-1] DEBUG net.thucydides.core.reports.ReportService - Processing test outcome agrgar productos a la bolsa:agregar dos productos
20:17:37.185 [pool-2-thread-1] DEBUG net.thucydides.core.reports.ReportService - net.thucydides.core.reports.html.HtmlAcceptanceTestReporter@52ee91c1: Generating report for test outcome: agrgar productos a la bolsa:agregar dos productos
20:17:37.186 [pool-2-thread-1] DEBUG net.thucydides.core.reports.html.HtmlAcceptanceTestReporter - GENERATE TEST OUTCOME REPORT FOR agregar dos productos in 8a249c54f62d28670f0e09c706f0873684227450794d86306a67164fe6eccd61
20:17:37.246 [pool-2-thread-1] DEBUG net.thucydides.core.requirements.model.cucumber.CucumberParser - Added feature agrgar productos a la bolsa
20:17:37.258 [pool-2-thread-1] DEBUG net.thucydides.core.requirements.model.cucumber.CucumberParser - Added feature registro
20:17:37.260 [pool-2-thread-1] DEBUG net.thucydides.core.requirements.RequirementsTagProvider -  found:[Requirement{name='agrgar productos a la bolsa', type='feature' parent = 'null', cardNumber='null'}, Requirement{name='registro', type='feature' parent = 'null', cardNumber='null'}]
20:17:37.278 [pool-2-thread-1] DEBUG net.thucydides.core.requirements.BaseRequirementsService - Requirement found for test outcome agregar dos productos-[]: Optional[Requirement{name='agrgar productos a la bolsa', type='feature' parent = 'null', cardNumber='null'}]
20:17:37.282 [pool-2-thread-1] DEBUG net.thucydides.core.requirements.BaseRequirementsService - Requirement found for test outcome agregar dos productos-[]: Optional[Requirement{name='agrgar productos a la bolsa', type='feature' parent = 'null', cardNumber='null'}]
20:17:37.365 [pool-2-thread-1] DEBUG net.thucydides.core.requirements.BaseRequirementsService - Requirement found for test outcome agregar dos productos-[]: Optional[Requirement{name='agrgar productos a la bolsa', type='feature' parent = 'null', cardNumber='null'}]
20:17:37.366 [pool-2-thread-1] DEBUG net.thucydides.core.requirements.BaseRequirementsService - Requirement found for test outcome agregar dos productos-[]: Optional[Requirement{name='agrgar productos a la bolsa', type='feature' parent = 'null', cardNumber='null'}]
20:17:37.379 [pool-2-thread-1] DEBUG net.thucydides.core.reports.html.HtmlAcceptanceTestReporter - Generating report in 8a249c54f62d28670f0e09c706f0873684227450794d86306a67164fe6eccd61_screenshots.html
20:17:38.602 [pool-2-thread-1] DEBUG net.thucydides.core.reports.html.HtmlAcceptanceTestReporter - Generated report 8a249c54f62d28670f0e09c706f0873684227450794d86306a67164fe6eccd61_screenshots.html in 1223 ms
20:17:38.607 [pool-2-thread-1] DEBUG net.thucydides.core.reports.html.HtmlAcceptanceTestReporter - GENERATING HTML REPORT FOR agrgar productos a la bolsa:agregar dos productos in 8a249c54f62d28670f0e09c706f0873684227450794d86306a67164fe6eccd61.html in directory C:\Users\Molina\Desktop\New folder\selenium-webdriver-java-course-c1\FelipeMolinaScreenPlay\target\site\serenity  
20:17:38.612 [pool-2-thread-1] DEBUG net.thucydides.core.reports.html.HtmlAcceptanceTestReporter - Generating report in 8a249c54f62d28670f0e09c706f0873684227450794d86306a67164fe6eccd61.html
20:17:40.477 [pool-2-thread-1] DEBUG net.thucydides.core.reports.html.HtmlAcceptanceTestReporter - Generated report 8a249c54f62d28670f0e09c706f0873684227450794d86306a67164fe6eccd61.html in 1865 ms
20:17:40.477 [pool-2-thread-1] DEBUG net.thucydides.core.reports.ReportService - Processing test outcome agrgar productos a la bolsa:agregar dos productos done
20:17:40.477 [Test worker] DEBUG net.thucydides.core.reports.ReportService - Shutting down executor service
20:17:40.477 [Test worker] DEBUG net.thucydides.core.reports.ReportService - Reports generated in: 3300 ms
20:17:40.780 [Test worker] INFO io.cucumber.core.plugin.SerenityReporter - Cleanup test resources for URI file:///C:/Users/Molina/Desktop/New%20folder/selenium-webdriver-java-course-c1/FelipeMolinaScreenPlay/src/test/resources/features/agregarProductosBolsa.feature
20:17:40.782 [Test worker] DEBUG net.serenitybdd.core.photography.Darkroom - Closing darkroom
20:17:40.783 [Darkroom Processing Line] DEBUG net.serenitybdd.core.photography.DarkroomProcessingLine - Darkroom processing line shutting down
]]></system-out>
  <system-err><![CDATA[]]></system-err>
</testsuite>
