<?xml version="1.0" encoding="UTF-8"?>
<testsuite name="com.falabella.Runners.AgregarProductosBolsaRunner" tests="0" skipped="0" failures="0" errors="0" timestamp="1970-01-01T00:00:00" hostname="DESKTOP-4DRDE1B" time="0.0">
  <properties/>
  <system-out><![CDATA[20:49:32.911 [Test worker] DEBUG net.thucydides.core.util.PropertiesFileLocalPreferences - LOADING LOCAL PROPERTIES FROM C:\Users\Molina\Desktop\New folder\selenium-webdriver-java-course-c1\FelipeMolinaScreenPlay\serenity.properties 
20:49:33.151 [Test worker] DEBUG net.thucydides.core.util.PropertiesFileLocalPreferences - LOADING LOCAL PROPERTIES FROM C:\Users\Molina\Desktop\New folder\selenium-webdriver-java-course-c1\FelipeMolinaScreenPlay\serenity.properties 
20:49:33.153 [Test worker] DEBUG net.thucydides.core.util.PropertiesFileLocalPreferences - LOADING LOCAL PROPERTIES FROM C:\Users\Molina\Desktop\New folder\selenium-webdriver-java-course-c1\FelipeMolinaScreenPlay\serenity.properties 
20:49:33.177 [Test worker] DEBUG net.thucydides.core.util.PropertiesFileLocalPreferences - webdriver.driver=chrome
20:49:33.178 [Test worker] DEBUG net.thucydides.core.util.PropertiesFileLocalPreferences - webdriver.chrome.driver=resources/chromedriver.exe
20:49:33.179 [Test worker] DEBUG net.thucydides.core.util.PropertiesFileLocalPreferences - chrome.switches=--disable-popup-blocking,--incognito, --disable-download-notification,--start-maximized,--ignore-certificate-errors, --allow-running-insecure-content, --disable-translate, --always-authorize-plugins, --disable-extensions,
20:49:33.179 [Test worker] DEBUG net.thucydides.core.util.PropertiesFileLocalPreferences - serenity.take.screenshots=FOR_EACH_ACTION
20:49:33.180 [Test worker] DEBUG net.thucydides.core.util.PropertiesFileLocalPreferences - serenity.timeouts=10000
20:49:33.181 [Test worker] DEBUG net.thucydides.core.util.PropertiesFileLocalPreferences - webdriver.timeouts.implicitlywait=10000
20:49:33.181 [Test worker] DEBUG net.thucydides.core.util.PropertiesFileLocalPreferences - chrome.capabilities.unexpectedAlertBehaviour=ignore
20:49:33.846 [Test worker] INFO io.cucumber.core.plugin.SerenityReporter - Running feature from file:///C:/Users/Molina/Desktop/New%20folder/selenium-webdriver-java-course-c1/FelipeMolinaScreenPlay/src/test/resources/features/agregarProductosBolsa.feature
20:49:34.172 [Test worker] DEBUG net.thucydides.core.util.PropertiesFileLocalPreferences - LOADING LOCAL PROPERTIES FROM C:\Users\Molina\Desktop\New folder\selenium-webdriver-java-course-c1\FelipeMolinaScreenPlay\serenity.properties 
20:49:34.376 [Test worker] DEBUG net.thucydides.core.util.PropertiesFileLocalPreferences - LOADING LOCAL PROPERTIES FROM C:\Users\Molina\Desktop\New folder\selenium-webdriver-java-course-c1\FelipeMolinaScreenPlay\serenity.properties 
20:49:34.377 [Test worker] DEBUG net.thucydides.core.util.PropertiesFileLocalPreferences - LOADING LOCAL PROPERTIES FROM C:\Users\Molina\Desktop\New folder\selenium-webdriver-java-course-c1\FelipeMolinaScreenPlay\serenity.properties 
20:49:34.379 [Test worker] DEBUG net.thucydides.core.util.PropertiesFileLocalPreferences - webdriver.driver=chrome
20:49:34.381 [Test worker] DEBUG net.thucydides.core.util.PropertiesFileLocalPreferences - webdriver.chrome.driver=resources/chromedriver.exe
20:49:34.382 [Test worker] DEBUG net.thucydides.core.util.PropertiesFileLocalPreferences - chrome.switches=--disable-popup-blocking,--incognito, --disable-download-notification,--start-maximized,--ignore-certificate-errors, --allow-running-insecure-content, --disable-translate, --always-authorize-plugins, --disable-extensions,
20:49:34.384 [Test worker] DEBUG net.thucydides.core.util.PropertiesFileLocalPreferences - serenity.take.screenshots=FOR_EACH_ACTION
20:49:34.385 [Test worker] DEBUG net.thucydides.core.util.PropertiesFileLocalPreferences - serenity.timeouts=10000
20:49:34.386 [Test worker] DEBUG net.thucydides.core.util.PropertiesFileLocalPreferences - webdriver.timeouts.implicitlywait=10000
20:49:34.386 [Test worker] DEBUG net.thucydides.core.util.PropertiesFileLocalPreferences - chrome.capabilities.unexpectedAlertBehaviour=ignore
20:49:34.405 [Test worker] INFO  - 

-------------------------------------------------------------------------------------
     _______. _______ .______       _______ .__   __.  __  .___________.____    ____ 
    /       ||   ____||   _  \     |   ____||  \ |  | |  | |           |\   \  /   / 
   |   (----`|  |__   |  |_)  |    |  |__   |   \|  | |  | `---|  |----` \   \/   /  
    \   \    |   __|  |      /     |   __|  |  . `  | |  |     |  |       \_    _/   
.----)   |   |  |____ |  |\  \----.|  |____ |  |\   | |  |     |  |         |  |     
|_______/    |_______|| _| `._____||_______||__| \__| |__|     |__|         |__|    
                                                                                     
 News and tutorials at http://www.serenity-bdd.info                                  
 Documentation at https://wakaleo.gitbooks.io/the-serenity-book/content/             
 Join the Serenity Community on Gitter: https://gitter.im/serenity-bdd/serenity-core 
 Serenity BDD Support and Training at http://serenity-bdd.info/#/trainingandsupport  
-------------------------------------------------------------------------------------

20:49:34.412 [Test worker] DEBUG net.thucydides.core.steps.StepEventBus - Test suite started for story net.thucydides.core.model.Story@32097605
20:49:34.418 [Test worker] INFO  - Test Suite Started: agrgar productos a la bolsa

1 Scenarios (?[32m1 passed?[0m)
3 Steps (?[32m3 passed?[0m)
1m10.248s


20:50:44.089 [Test worker] DEBUG net.thucydides.core.reports.ReportService - Reporting formats: [JSON, HTML]
20:50:44.267 [Test worker] DEBUG net.thucydides.core.reports.ReportService - Reporting formats: [JSON, HTML]
20:50:44.287 [Test worker] DEBUG net.thucydides.core.reports.ReportService - Generating reports for 1 test outcomes using: net.thucydides.core.reports.json.JSONTestOutcomeReporter@6c927394
20:50:44.291 [pool-1-thread-1] DEBUG net.thucydides.core.reports.ReportService - Processing test outcome agrgar productos a la bolsa:agregar dos productos
20:50:44.292 [pool-1-thread-1] DEBUG net.thucydides.core.reports.ReportService - net.thucydides.core.reports.json.JSONTestOutcomeReporter@6c927394: Generating report for test outcome: agrgar productos a la bolsa:agregar dos productos
20:50:44.298 [pool-1-thread-1] DEBUG net.thucydides.core.reports.json.JSONTestOutcomeReporter - Generating JSON report for agregar dos productos to file C:\Users\Molina\Desktop\New folder\selenium-webdriver-java-course-c1\FelipeMolinaScreenPlay\target\site\serenity\8a249c54f62d28670f0e09c706f0873684227450794d86306a67164fe6eccd61.json (using temp file C:\Users\Molina\Desktop\New folder\selenium-webdriver-java-course-c1\FelipeMolinaScreenPlay\target\site\serenity\8a249c54f62d28670f0e09c706f0873684227450794d86306a67164fe6eccd61.json1311f6f8-fe06-4a4e-ae8e-b56aa7140aa4)
20:50:44.386 [pool-1-thread-1] DEBUG net.thucydides.core.reports.ReportService - Processing test outcome agrgar productos a la bolsa:agregar dos productos done
20:50:44.388 [Test worker] DEBUG net.thucydides.core.reports.ReportService - Shutting down executor service
20:50:44.388 [Test worker] DEBUG net.thucydides.core.reports.ReportService - Reports generated in: 101 ms
20:50:44.388 [Test worker] DEBUG net.thucydides.core.reports.ReportService - Generating reports for 1 test outcomes using: net.thucydides.core.reports.html.HtmlAcceptanceTestReporter@3cc1761d
20:50:44.392 [pool-2-thread-1] DEBUG net.thucydides.core.reports.ReportService - Processing test outcome agrgar productos a la bolsa:agregar dos productos
20:50:44.393 [pool-2-thread-1] DEBUG net.thucydides.core.reports.ReportService - net.thucydides.core.reports.html.HtmlAcceptanceTestReporter@3cc1761d: Generating report for test outcome: agrgar productos a la bolsa:agregar dos productos
20:50:44.395 [pool-2-thread-1] DEBUG net.thucydides.core.reports.html.HtmlAcceptanceTestReporter - GENERATE TEST OUTCOME REPORT FOR agregar dos productos in 8a249c54f62d28670f0e09c706f0873684227450794d86306a67164fe6eccd61
20:50:44.457 [pool-2-thread-1] DEBUG net.thucydides.core.requirements.model.cucumber.CucumberParser - Added feature agrgar productos a la bolsa
20:50:44.467 [pool-2-thread-1] DEBUG net.thucydides.core.requirements.model.cucumber.CucumberParser - Added feature registro
20:50:44.468 [pool-2-thread-1] DEBUG net.thucydides.core.requirements.RequirementsTagProvider -  found:[Requirement{name='agrgar productos a la bolsa', type='feature' parent = 'null', cardNumber='null'}, Requirement{name='registro', type='feature' parent = 'null', cardNumber='null'}]
20:50:44.482 [pool-2-thread-1] DEBUG net.thucydides.core.requirements.BaseRequirementsService - Requirement found for test outcome agregar dos productos-[]: Optional[Requirement{name='agrgar productos a la bolsa', type='feature' parent = 'null', cardNumber='null'}]
20:50:44.487 [pool-2-thread-1] DEBUG net.thucydides.core.requirements.BaseRequirementsService - Requirement found for test outcome agregar dos productos-[]: Optional[Requirement{name='agrgar productos a la bolsa', type='feature' parent = 'null', cardNumber='null'}]
20:50:44.566 [pool-2-thread-1] DEBUG net.thucydides.core.requirements.BaseRequirementsService - Requirement found for test outcome agregar dos productos-[]: Optional[Requirement{name='agrgar productos a la bolsa', type='feature' parent = 'null', cardNumber='null'}]
20:50:44.567 [pool-2-thread-1] DEBUG net.thucydides.core.requirements.BaseRequirementsService - Requirement found for test outcome agregar dos productos-[]: Optional[Requirement{name='agrgar productos a la bolsa', type='feature' parent = 'null', cardNumber='null'}]
20:50:44.572 [pool-2-thread-1] DEBUG net.thucydides.core.reports.html.HtmlAcceptanceTestReporter - Generating report in 8a249c54f62d28670f0e09c706f0873684227450794d86306a67164fe6eccd61_screenshots.html
20:50:45.236 [pool-2-thread-1] DEBUG net.thucydides.core.reports.html.HtmlAcceptanceTestReporter - Generated report 8a249c54f62d28670f0e09c706f0873684227450794d86306a67164fe6eccd61_screenshots.html in 664 ms
20:50:45.257 [pool-2-thread-1] DEBUG net.thucydides.core.reports.html.HtmlAcceptanceTestReporter - GENERATING HTML REPORT FOR agrgar productos a la bolsa:agregar dos productos in 8a249c54f62d28670f0e09c706f0873684227450794d86306a67164fe6eccd61.html in directory C:\Users\Molina\Desktop\New folder\selenium-webdriver-java-course-c1\FelipeMolinaScreenPlay\target\site\serenity  
20:50:45.263 [pool-2-thread-1] DEBUG net.thucydides.core.reports.html.HtmlAcceptanceTestReporter - Generating report in 8a249c54f62d28670f0e09c706f0873684227450794d86306a67164fe6eccd61.html
20:50:46.734 [pool-2-thread-1] DEBUG net.thucydides.core.reports.html.HtmlAcceptanceTestReporter - Generated report 8a249c54f62d28670f0e09c706f0873684227450794d86306a67164fe6eccd61.html in 1471 ms
20:50:46.734 [pool-2-thread-1] DEBUG net.thucydides.core.reports.ReportService - Processing test outcome agrgar productos a la bolsa:agregar dos productos done
20:50:46.734 [Test worker] DEBUG net.thucydides.core.reports.ReportService - Shutting down executor service
20:50:46.734 [Test worker] DEBUG net.thucydides.core.reports.ReportService - Reports generated in: 2346 ms
20:50:46.982 [Test worker] INFO io.cucumber.core.plugin.SerenityReporter - Cleanup test resources for URI file:///C:/Users/Molina/Desktop/New%20folder/selenium-webdriver-java-course-c1/FelipeMolinaScreenPlay/src/test/resources/features/agregarProductosBolsa.feature
20:50:46.984 [Test worker] DEBUG net.serenitybdd.core.photography.Darkroom - Closing darkroom
20:50:46.985 [Darkroom Processing Line] DEBUG net.serenitybdd.core.photography.DarkroomProcessingLine - Darkroom processing line shutting down
]]></system-out>
  <system-err><![CDATA[]]></system-err>
</testsuite>
