<?xml version="1.0" encoding="UTF-8"?>
<testsuite name="agrgar productos a la bolsa" tests="1" skipped="0" failures="0" errors="0" timestamp="2022-08-16T01:49:34" hostname="DESKTOP-4DRDE1B" time="69.62">
  <properties/>
  <testcase name="agregar dos productos" classname="agrgar productos a la bolsa" time="69.62"/>
  <system-out><![CDATA[20:49:34.754 [Test worker] INFO io.cucumber.core.plugin.SerenityReporter - Running feature from file:///C:/Users/Molina/Desktop/New%20folder/selenium-webdriver-java-course-c1/FelipeMolinaScreenPlay/src/test/resources/features/agregarProductosBolsa.feature
20:49:34.949 [Test worker] INFO  - 
 _____ _____ ____ _____   ____ _____  _    ____ _____ _____ ____  
|_   _| ____/ ___|_   _| / ___|_   _|/ \  |  _ \_   _| ____|  _ \ 
  | | |  _| \___ \ | |   \___ \ | | / _ \ | |_) || | |  _| | | | |
  | | | |___ ___) || |    ___) || |/ ___ \|  _ < | | | |___| |_| |
  |_| |_____|____/ |_|   |____/ |_/_/   \_\_| \_\|_| |_____|____/ 

agregar dos productos(agrgar-productos-a-la-bolsa;agregar-dos-productos)
-------------------------------------------------------------------
20:49:35.091 [Test worker] DEBUG net.thucydides.core.requirements.model.cucumber.CucumberParser - Added feature agrgar productos a la bolsa
20:49:35.118 [Test worker] DEBUG net.thucydides.core.requirements.model.cucumber.CucumberParser - Added feature registro
20:49:36.122 [Test worker] DEBUG net.thucydides.core.steps.StepInterceptor - STARTING STEP: RegistroStepDefinition.elUsuarioSeEncuentreEnLaPagina - {0} opens the #targetPage
20:49:36.251 [Test worker] INFO net.serenitybdd.core.webdriver.driverproviders.ChromeDriverProvider - Using automatically driver download
20:49:36.914 [Test worker] DEBUG io.github.bonigarcia.wdm.cache.ResolutionCache - Resolution chrome=104 in cache (valid until 21:14:08 15/08/2022 COT)
20:49:36.917 [Test worker] DEBUG io.github.bonigarcia.wdm.cache.ResolutionCache - Resolution chrome104=104.0.5112.79 in cache (valid until 16:39:29 16/08/2022 COT)
20:49:36.917 [Test worker] INFO io.github.bonigarcia.wdm.WebDriverManager - Using chromedriver 104.0.5112.79 (resolved driver for Chrome 104)
20:49:36.935 [Test worker] DEBUG io.github.bonigarcia.wdm.WebDriverManager - Driver chromedriver 104.0.5112.79 found in cache
20:49:36.937 [Test worker] INFO io.github.bonigarcia.wdm.WebDriverManager - Exporting webdriver.chrome.driver as C:\Users\Molina\.cache\selenium\chromedriver\win32\104.0.5112.79\chromedriver.exe
20:49:37.784 [Test worker] INFO net.serenitybdd.core.webdriver.driverproviders.ProvideNewDriver - Instantiating driver
20:49:37.785 [Test worker] INFO net.serenitybdd.core.webdriver.driverproviders.ProvideNewDriver - Driver capabilities: Capabilities {acceptInsecureCerts: false, browserName: chrome, chrome.switches: --disable-popup-blocking,--..., goog:chromeOptions: {args: [--disable-popup-blocking, --incognito, --disable-download-notifica..., --start-maximized, --ignore-certificate-errors, --allow-running-insecure-co..., --disable-translate, --always-authorize-plugins, --disable-extensions], extensions: []}, loggingPrefs: org.openqa.selenium.logging..., unexpectedAlertBehaviour: ignore, unhandledPromptBehavior: ignore}
20:49:46.853 [Test worker] DEBUG net.serenitybdd.core.photography.Darkroom - Opening darkroom
20:49:46.854 [Darkroom Processing Line] DEBUG net.serenitybdd.core.photography.DarkroomProcessingLine - Darkroom processing line starting up
20:49:48.301 [Test worker] DEBUG net.serenitybdd.core.photography.Darkroom - Send negative for processing for C:\Users\Molina\Desktop\New folder\selenium-webdriver-java-course-c1\FelipeMolinaScreenPlay\target\site\serenity\5e289add11b1dd384affb099d7228297aa5bd4d9035cc917a67e1ea43539c2fb.png
20:49:48.304 [Test worker] DEBUG net.thucydides.core.steps.StepInterceptor - STEP DONE: {0} opens the #targetPage
20:49:49.203 [Test worker] DEBUG net.serenitybdd.core.photography.Darkroom - Send negative for processing for C:\Users\Molina\Desktop\New folder\selenium-webdriver-java-course-c1\FelipeMolinaScreenPlay\target\site\serenity\5e289add11b1dd384affb099d7228297aa5bd4d9035cc917a67e1ea43539c2fb.png
20:49:50.082 [Test worker] DEBUG net.serenitybdd.core.photography.Darkroom - Send negative for processing for C:\Users\Molina\Desktop\New folder\selenium-webdriver-java-course-c1\FelipeMolinaScreenPlay\target\site\serenity\725e55d43e49df37af62554311a3f07866afcbcfe8122fd11aab4322aa10be9b.png
20:49:50.084 [Test worker] DEBUG net.thucydides.core.steps.StepInterceptor - STARTING STEP: AgregarProductosBolsaStepDefinition.elUsuarioAgregueLosProductos - performAs
20:49:50.943 [Test worker] DEBUG net.serenitybdd.core.photography.Darkroom - Send negative for processing for C:\Users\Molina\Desktop\New folder\selenium-webdriver-java-course-c1\FelipeMolinaScreenPlay\target\site\serenity\725e55d43e49df37af62554311a3f07866afcbcfe8122fd11aab4322aa10be9b.png
20:49:50.945 [Test worker] DEBUG net.thucydides.core.steps.StepInterceptor - STARTING STEP: AgregarProductosBolsa.performAs - {0} clicks on #target
20:49:50.947 [Test worker] DEBUG net.serenitybdd.screenplay.targets.IFrameSwitcher - default content already selected for boton categorias
20:49:52.109 [Test worker] DEBUG net.serenitybdd.core.photography.Darkroom - Send negative for processing for C:\Users\Molina\Desktop\New folder\selenium-webdriver-java-course-c1\FelipeMolinaScreenPlay\target\site\serenity\1896046f7a04ef55f28e0e86f37c12dc84a7bde6d217dcb9a11ee35fabd29866.png
20:49:52.111 [Darkroom Processing Line] DEBUG net.serenitybdd.core.photography.DarkroomProcessingLine - Processing screenshot image in /var/screenshots/screenshot-14205760816920993281
20:49:52.111 [Darkroom Processing Line] DEBUG net.serenitybdd.core.photography.DarkroomProcessingLine - Saving screenshot to C:\Users\Molina\Desktop\New folder\selenium-webdriver-java-course-c1\FelipeMolinaScreenPlay\target\site\serenity\1896046f7a04ef55f28e0e86f37c12dc84a7bde6d217dcb9a11ee35fabd29866.png
20:49:52.136 [Test worker] DEBUG net.thucydides.core.steps.StepInterceptor - STEP DONE: {0} clicks on #target
20:49:52.800 [Test worker] DEBUG net.serenitybdd.core.photography.Darkroom - Send negative for processing for C:\Users\Molina\Desktop\New folder\selenium-webdriver-java-course-c1\FelipeMolinaScreenPlay\target\site\serenity\fbd02cce9705dfb0b20128e60a4fd9706a911bf015bfbf1f7a1ae94b0c140f11.png
20:49:52.801 [Test worker] DEBUG net.thucydides.core.steps.StepInterceptor - STARTING STEP: AgregarProductosBolsa.performAs - {0} clicks on #target
20:49:52.803 [Test worker] DEBUG net.serenitybdd.screenplay.targets.IFrameSwitcher - default content already selected for boton dormitorio
20:49:53.471 [Test worker] DEBUG net.serenitybdd.core.photography.Darkroom - Send negative for processing for C:\Users\Molina\Desktop\New folder\selenium-webdriver-java-course-c1\FelipeMolinaScreenPlay\target\site\serenity\0f2e0c266e242ad77607493c4f402e7e71eb79429eff9dbd22cc3df07c825c88.png
20:49:53.489 [Test worker] DEBUG net.thucydides.core.steps.StepInterceptor - STEP DONE: {0} clicks on #target
20:49:53.520 [Test worker] DEBUG net.thucydides.core.steps.StepInterceptor - STARTING STEP: AgregarProductosBolsa.performAs - {0} clicks on #target
20:49:53.521 [Test worker] DEBUG net.serenitybdd.screenplay.targets.IFrameSwitcher - default content already selected for boton basecama
20:50:02.209 [Test worker] DEBUG net.serenitybdd.core.photography.Darkroom - Send negative for processing for C:\Users\Molina\Desktop\New folder\selenium-webdriver-java-course-c1\FelipeMolinaScreenPlay\target\site\serenity\c476196f8341ac4f72d7799da09a68e760474219073627b717ba670b0ec64fd2.png
20:50:02.210 [Darkroom Processing Line] DEBUG net.serenitybdd.core.photography.DarkroomProcessingLine - Processing screenshot image in /var/screenshots/screenshot-6771842998567190027
20:50:02.210 [Darkroom Processing Line] DEBUG net.serenitybdd.core.photography.DarkroomProcessingLine - Saving screenshot to C:\Users\Molina\Desktop\New folder\selenium-webdriver-java-course-c1\FelipeMolinaScreenPlay\target\site\serenity\c476196f8341ac4f72d7799da09a68e760474219073627b717ba670b0ec64fd2.png
20:50:02.241 [Test worker] DEBUG net.thucydides.core.steps.StepInterceptor - STEP DONE: {0} clicks on #target
20:50:02.244 [Test worker] DEBUG net.serenitybdd.screenplay.targets.IFrameSwitcher - default content already selected for imagen primer producto a seleccionar
20:50:03.364 [Test worker] DEBUG net.serenitybdd.core.photography.Darkroom - Send negative for processing for C:\Users\Molina\Desktop\New folder\selenium-webdriver-java-course-c1\FelipeMolinaScreenPlay\target\site\serenity\a0b04758fda9fb03e168aa7244c0886a413721a0dab0b3cdd1738eed11d3df3d.png
20:50:03.365 [Darkroom Processing Line] DEBUG net.serenitybdd.core.photography.DarkroomProcessingLine - Processing screenshot image in /var/screenshots/screenshot-1665387137017531233
20:50:03.366 [Darkroom Processing Line] DEBUG net.serenitybdd.core.photography.DarkroomProcessingLine - Saving screenshot to C:\Users\Molina\Desktop\New folder\selenium-webdriver-java-course-c1\FelipeMolinaScreenPlay\target\site\serenity\a0b04758fda9fb03e168aa7244c0886a413721a0dab0b3cdd1738eed11d3df3d.png
20:50:03.367 [Test worker] DEBUG net.thucydides.core.steps.StepInterceptor - STARTING STEP: AgregarProductosBolsa.performAs - {0} hovers over #target
20:50:03.400 [Test worker] DEBUG net.serenitybdd.screenplay.targets.IFrameSwitcher - default content already selected for imagen primer producto a seleccionar
20:50:04.027 [Test worker] DEBUG net.serenitybdd.core.photography.Darkroom - Send negative for processing for C:\Users\Molina\Desktop\New folder\selenium-webdriver-java-course-c1\FelipeMolinaScreenPlay\target\site\serenity\be00d6532564a6cf4745e221316e08991cd7f3cff93aba4e9b7140de21d9359d.png
20:50:04.028 [Test worker] DEBUG net.thucydides.core.steps.StepInterceptor - STEP DONE: {0} hovers over #target
20:50:04.028 [Darkroom Processing Line] DEBUG net.serenitybdd.core.photography.DarkroomProcessingLine - Processing screenshot image in /var/screenshots/screenshot-10602056798151041331
20:50:04.028 [Darkroom Processing Line] DEBUG net.serenitybdd.core.photography.DarkroomProcessingLine - Saving screenshot to C:\Users\Molina\Desktop\New folder\selenium-webdriver-java-course-c1\FelipeMolinaScreenPlay\target\site\serenity\be00d6532564a6cf4745e221316e08991cd7f3cff93aba4e9b7140de21d9359d.png
20:50:04.054 [Test worker] DEBUG net.thucydides.core.steps.StepInterceptor - STARTING STEP: AgregarProductosBolsa.performAs - {0} clicks on #target
20:50:04.055 [Test worker] DEBUG net.serenitybdd.screenplay.targets.IFrameSwitcher - default content already selected for boton agregar primer producto
20:50:08.069 [Test worker] DEBUG net.serenitybdd.core.photography.Darkroom - Send negative for processing for C:\Users\Molina\Desktop\New folder\selenium-webdriver-java-course-c1\FelipeMolinaScreenPlay\target\site\serenity\32f42723d5f82b03ddeda84ebdfe80784ef9dc1fd5b0f116cbf45f3524d27af9.png
20:50:08.103 [Test worker] DEBUG net.thucydides.core.steps.StepInterceptor - STEP DONE: {0} clicks on #target
20:50:08.495 [Test worker] DEBUG net.serenitybdd.core.photography.Darkroom - Send negative for processing for C:\Users\Molina\Desktop\New folder\selenium-webdriver-java-course-c1\FelipeMolinaScreenPlay\target\site\serenity\32f42723d5f82b03ddeda84ebdfe80784ef9dc1fd5b0f116cbf45f3524d27af9.png
20:50:08.497 [Test worker] DEBUG net.thucydides.core.steps.StepInterceptor - STARTING STEP: AgregarProductosBolsa.performAs - {0} clicks on #target
20:50:08.499 [Test worker] DEBUG net.serenitybdd.screenplay.targets.IFrameSwitcher - default content already selected for boton ver bolsa de compras primer producto
20:50:18.294 [Test worker] DEBUG net.serenitybdd.core.photography.Darkroom - Send negative for processing for C:\Users\Molina\Desktop\New folder\selenium-webdriver-java-course-c1\FelipeMolinaScreenPlay\target\site\serenity\f3a42e18e62d47685a609ef8a63166c2713403ad47b4289dc685c64226bdfa5a.png
20:50:18.323 [Test worker] DEBUG net.thucydides.core.steps.StepInterceptor - STEP DONE: {0} clicks on #target
20:50:18.638 [Test worker] DEBUG net.serenitybdd.core.photography.Darkroom - Send negative for processing for C:\Users\Molina\Desktop\New folder\selenium-webdriver-java-course-c1\FelipeMolinaScreenPlay\target\site\serenity\f3a42e18e62d47685a609ef8a63166c2713403ad47b4289dc685c64226bdfa5a.png
20:50:18.639 [Test worker] DEBUG net.thucydides.core.steps.StepInterceptor - STARTING STEP: AgregarProductosBolsa.performAs - {0} enters #theTextAsAString into #target
20:50:18.640 [Test worker] DEBUG net.serenitybdd.screenplay.targets.IFrameSwitcher - default content already selected for ingresar busqueda
20:50:19.532 [Test worker] DEBUG net.serenitybdd.core.photography.Darkroom - Send negative for processing for C:\Users\Molina\Desktop\New folder\selenium-webdriver-java-course-c1\FelipeMolinaScreenPlay\target\site\serenity\6a3b85277e40b8c410c5b4fa5754e891a6ac1c8275acb3cfd770a50d26d1e459.png
20:50:19.555 [Test worker] DEBUG net.thucydides.core.steps.StepInterceptor - STEP DONE: {0} enters #theTextAsAString into #target
20:50:19.573 [Test worker] DEBUG net.thucydides.core.steps.StepInterceptor - STARTING STEP: AgregarProductosBolsa.performAs - {0} clicks on #target
20:50:19.574 [Test worker] DEBUG net.serenitybdd.screenplay.targets.IFrameSwitcher - default content already selected for enter realizar busqueda
20:50:27.358 [Test worker] DEBUG net.serenitybdd.core.photography.Darkroom - Send negative for processing for C:\Users\Molina\Desktop\New folder\selenium-webdriver-java-course-c1\FelipeMolinaScreenPlay\target\site\serenity\a815abd59ca984ac2397f4f0eb59ac1a449c0963a2ff8ec62547bb33a0dca572.png
20:50:27.359 [Darkroom Processing Line] DEBUG net.serenitybdd.core.photography.DarkroomProcessingLine - Processing screenshot image in /var/screenshots/screenshot-13474335853413755573
20:50:27.359 [Darkroom Processing Line] DEBUG net.serenitybdd.core.photography.DarkroomProcessingLine - Saving screenshot to C:\Users\Molina\Desktop\New folder\selenium-webdriver-java-course-c1\FelipeMolinaScreenPlay\target\site\serenity\a815abd59ca984ac2397f4f0eb59ac1a449c0963a2ff8ec62547bb33a0dca572.png
20:50:27.375 [Test worker] DEBUG net.thucydides.core.steps.StepInterceptor - STEP DONE: {0} clicks on #target
20:50:27.377 [Test worker] DEBUG net.serenitybdd.screenplay.targets.IFrameSwitcher - default content already selected for imagen segundo producto a seleccionar
20:50:28.146 [Test worker] DEBUG net.serenitybdd.core.photography.Darkroom - Send negative for processing for C:\Users\Molina\Desktop\New folder\selenium-webdriver-java-course-c1\FelipeMolinaScreenPlay\target\site\serenity\87dd70ba0703475283922f73aa8b480e2269ee27ff0457803aa03c9ddeb95845.png
20:50:28.147 [Test worker] DEBUG net.thucydides.core.steps.StepInterceptor - STARTING STEP: AgregarProductosBolsa.performAs - {0} hovers over #target
20:50:28.167 [Test worker] DEBUG net.serenitybdd.screenplay.targets.IFrameSwitcher - default content already selected for imagen segundo producto a seleccionar
20:50:28.744 [Test worker] DEBUG net.serenitybdd.core.photography.Darkroom - Send negative for processing for C:\Users\Molina\Desktop\New folder\selenium-webdriver-java-course-c1\FelipeMolinaScreenPlay\target\site\serenity\c3f83bb1b74d54403cdf1ac8c9587a345f17beb1a10719f5cbbf29d567aff608.png
20:50:28.745 [Test worker] DEBUG net.thucydides.core.steps.StepInterceptor - STEP DONE: {0} hovers over #target
20:50:28.745 [Darkroom Processing Line] DEBUG net.serenitybdd.core.photography.DarkroomProcessingLine - Processing screenshot image in /var/screenshots/screenshot-12970415754574166159
20:50:28.745 [Darkroom Processing Line] DEBUG net.serenitybdd.core.photography.DarkroomProcessingLine - Saving screenshot to C:\Users\Molina\Desktop\New folder\selenium-webdriver-java-course-c1\FelipeMolinaScreenPlay\target\site\serenity\c3f83bb1b74d54403cdf1ac8c9587a345f17beb1a10719f5cbbf29d567aff608.png
20:50:28.767 [Test worker] DEBUG net.thucydides.core.steps.StepInterceptor - STARTING STEP: AgregarProductosBolsa.performAs - {0} clicks on #target
20:50:28.768 [Test worker] DEBUG net.serenitybdd.screenplay.targets.IFrameSwitcher - default content already selected for boton agregar segundo producto
20:50:32.407 [Test worker] DEBUG net.serenitybdd.core.photography.Darkroom - Send negative for processing for C:\Users\Molina\Desktop\New folder\selenium-webdriver-java-course-c1\FelipeMolinaScreenPlay\target\site\serenity\2610695cef3a18df495bb969aa280e5d4a8035bb3212d3547e0a69067ad097bd.png
20:50:32.407 [Darkroom Processing Line] DEBUG net.serenitybdd.core.photography.DarkroomProcessingLine - Processing screenshot image in /var/screenshots/screenshot-14237898830610862606
20:50:32.408 [Darkroom Processing Line] DEBUG net.serenitybdd.core.photography.DarkroomProcessingLine - Saving screenshot to C:\Users\Molina\Desktop\New folder\selenium-webdriver-java-course-c1\FelipeMolinaScreenPlay\target\site\serenity\2610695cef3a18df495bb969aa280e5d4a8035bb3212d3547e0a69067ad097bd.png
20:50:32.427 [Test worker] DEBUG net.thucydides.core.steps.StepInterceptor - STEP DONE: {0} clicks on #target
20:50:32.444 [Test worker] DEBUG net.thucydides.core.steps.StepInterceptor - STARTING STEP: AgregarProductosBolsa.performAs - {0} clicks on #target
20:50:32.445 [Test worker] DEBUG net.serenitybdd.screenplay.targets.IFrameSwitcher - default content already selected for boton ver bolsa de compras segundo producto
20:50:41.492 [Test worker] DEBUG net.serenitybdd.core.photography.Darkroom - Send negative for processing for C:\Users\Molina\Desktop\New folder\selenium-webdriver-java-course-c1\FelipeMolinaScreenPlay\target\site\serenity\4ecb5c1d90a387ca049d90e5251b7a334f9627c69afdc7920c3f917d17c22940.png
20:50:41.902 [Test worker] DEBUG net.serenitybdd.core.photography.Darkroom - Send negative for processing for C:\Users\Molina\Desktop\New folder\selenium-webdriver-java-course-c1\FelipeMolinaScreenPlay\target\site\serenity\6ba7f47a24e960ecb2eb7655470b1c4356bc29064dd8e2098a830377375697c7.png
20:50:41.903 [Test worker] DEBUG net.thucydides.core.steps.StepInterceptor - STEP DONE: {0} clicks on #target
20:50:41.918 [Test worker] DEBUG net.thucydides.core.steps.StepInterceptor - STEP DONE: performAs
20:50:42.225 [Test worker] DEBUG net.serenitybdd.core.photography.Darkroom - Send negative for processing for C:\Users\Molina\Desktop\New folder\selenium-webdriver-java-course-c1\FelipeMolinaScreenPlay\target\site\serenity\6ba7f47a24e960ecb2eb7655470b1c4356bc29064dd8e2098a830377375697c7.png
20:50:42.647 [Test worker] DEBUG net.serenitybdd.core.photography.Darkroom - Send negative for processing for C:\Users\Molina\Desktop\New folder\selenium-webdriver-java-course-c1\FelipeMolinaScreenPlay\target\site\serenity\6ba7f47a24e960ecb2eb7655470b1c4356bc29064dd8e2098a830377375697c7.png
20:50:42.651 [Test worker] DEBUG net.serenitybdd.screenplay.targets.IFrameSwitcher - default content already selected for mensaje de cantidad de productos
20:50:43.111 [Test worker] DEBUG net.serenitybdd.core.photography.Darkroom - Send negative for processing for C:\Users\Molina\Desktop\New folder\selenium-webdriver-java-course-c1\FelipeMolinaScreenPlay\target\site\serenity\0b86bc87d309c9f53ae85d872c4d7224ea915cf2915347bc4f5efae45682bbb2.png
20:50:44.073 [Test worker] INFO  - 
        __    _____ _____ ____ _____   ____   _    ____  ____  _____ ____  
  _     \ \  |_   _| ____/ ___|_   _| |  _ \ / \  / ___|/ ___|| ____|  _ \ 
 (_)_____| |   | | |  _| \___ \ | |   | |_) / _ \ \___ \\___ \|  _| | | | |
  _|_____| |   | | | |___ ___) || |   |  __/ ___ \ ___) |___) | |___| |_| |
 (_)     | |   |_| |_____|____/ |_|   |_| /_/   \_\____/|____/|_____|____/ 
        /_/                                                                

agregar dos productos
----------------------------------------------------------------------------
]]></system-out>
  <system-err><![CDATA[Starting ChromeDriver 104.0.5112.79 (3cf3e8c8a07d104b9e1260c910efb8f383285dc5-refs/branch-heads/5112@{#1307}) on port 46254
Only local connections are allowed.
Please see https://chromedriver.chromium.org/security-considerations for suggestions on keeping ChromeDriver safe.
ChromeDriver was started successfully.
ago. 15, 2022 8:49:39 P. M. org.openqa.selenium.remote.ProtocolHandshake createSession
INFO: Detected dialect: W3C
]]></system-err>
</testsuite>
